Flow report for FairyTales
Thu Aug 22 19:42:31 2013
Quartus II Version 10.0 Build 218 06/27/2010 SJ Full Version


---------------------
; Table of Contents ;
---------------------
  1. Legal Notice
  2. Flow Summary
  3. Flow Settings
  4. Flow Non-Default Global Settings
  5. Flow Elapsed Time
  6. Flow OS Summary
  7. Flow Log



----------------
; Legal Notice ;
----------------
Copyright (C) 1991-2010 Altera Corporation
Your use of Altera Corporation's design tools, logic functions 
and other software and tools, and its AMPP partner logic 
functions, and any output files from any of the foregoing 
(including device programming or simulation files), and any 
associated documentation or information are expressly subject 
to the terms and conditions of the Altera Program License 
Subscription Agreement, Altera MegaCore Function License 
Agreement, or other applicable license agreement, including, 
without limitation, that your use is for the sole purpose of 
programming logic devices manufactured by Altera and sold by 
Altera or its authorized distributors.  Please refer to the 
applicable agreement for further details.



+--------------------------------------------------------------------------------+
; Flow Summary                                                                   ;
+------------------------------------+-------------------------------------------+
; Flow Status                        ; Successful - Thu Aug 22 19:41:48 2013     ;
; Quartus II Version                 ; 10.0 Build 218 06/27/2010 SJ Full Version ;
; Revision Name                      ; FairyTales                                ;
; Top-level Entity Name              ; FairyTales                                ;
; Family                             ; Cyclone IV E                              ;
; Device                             ; EP4CE115F29C7                             ;
; Timing Models                      ; Final                                     ;
; Met timing requirements            ; N/A                                       ;
; Total logic elements               ; 21,939 / 114,480 ( 19 % )                 ;
;     Total combinational functions  ; 21,295 / 114,480 ( 19 % )                 ;
;     Dedicated logic registers      ; 4,528 / 114,480 ( 4 % )                   ;
; Total registers                    ; 4528                                      ;
; Total pins                         ; 458 / 529 ( 87 % )                        ;
; Total virtual pins                 ; 0                                         ;
; Total memory bits                  ; 3,207,224 / 3,981,312 ( 81 % )            ;
; Embedded Multiplier 9-bit elements ; 18 / 532 ( 3 % )                          ;
; Total PLLs                         ; 1 / 4 ( 25 % )                            ;
+------------------------------------+-------------------------------------------+


+-----------------------------------------+
; Flow Settings                           ;
+-------------------+---------------------+
; Option            ; Setting             ;
+-------------------+---------------------+
; Start date & time ; 08/22/2013 19:29:14 ;
; Main task         ; Compilation         ;
; Revision Name     ; FairyTales          ;
+-------------------+---------------------+


+-------------------------------------------------------------------------------------------------------------------------------------------+
; Flow Non-Default Global Settings                                                                                                          ;
+-------------------------------------+-------------------------------------------------------+---------------+----------------+------------+
; Assignment Name                     ; Value                                                 ; Default Value ; Entity Name    ; Section Id ;
+-------------------------------------+-------------------------------------------------------+---------------+----------------+------------+
; COMPILER_SIGNATURE_ID               ; 1097638352644.137717095405196                         ; --            ; --             ; --         ;
; IP_TOOL_NAME                        ; ALTPLL                                                ; --            ; --             ; --         ;
; IP_TOOL_NAME                        ; ROM: 1-PORT                                           ; --            ; --             ; --         ;
; IP_TOOL_VERSION                     ; 10.0                                                  ; --            ; --             ; --         ;
; IP_TOOL_VERSION                     ; 10.0                                                  ; --            ; --             ; --         ;
; MAX_CORE_JUNCTION_TEMP              ; 85                                                    ; --            ; --             ; --         ;
; MIN_CORE_JUNCTION_TEMP              ; 0                                                     ; --            ; --             ; --         ;
; MISC_FILE                           ; C:/altera/10.0/dclab/Final/FairyTales2/FairyTales.dpf ; --            ; --             ; --         ;
; MISC_FILE                           ; v/flash_pll_bb.v                                      ; --            ; --             ; --         ;
; MISC_FILE                           ; v/flash_pll.ppf                                       ; --            ; --             ; --         ;
; MISC_FILE                           ; v/icon_rom_bb.v                                       ; --            ; --             ; --         ;
; OUTPUT_IO_TIMING_ENDPOINT           ; Near End                                              ; --            ; --             ; --         ;
; PARTITION_COLOR                     ; 16764057                                              ; --            ; DE2_115_CAMERA ; Top        ;
; PARTITION_COLOR                     ; 16764057                                              ; --            ; --             ; Top        ;
; PARTITION_FITTER_PRESERVATION_LEVEL ; PLACEMENT_AND_ROUTING                                 ; --            ; DE2_115_CAMERA ; Top        ;
; PARTITION_FITTER_PRESERVATION_LEVEL ; PLACEMENT_AND_ROUTING                                 ; --            ; --             ; Top        ;
; PARTITION_NETLIST_TYPE              ; SOURCE                                                ; --            ; DE2_115_CAMERA ; Top        ;
; PARTITION_NETLIST_TYPE              ; SOURCE                                                ; --            ; --             ; Top        ;
; POWER_BOARD_THERMAL_MODEL           ; None (CONSERVATIVE)                                   ; --            ; --             ; --         ;
; POWER_PRESET_COOLING_SOLUTION       ; 23 MM HEAT SINK WITH 200 LFPM AIRFLOW                 ; --            ; --             ; --         ;
+-------------------------------------+-------------------------------------------------------+---------------+----------------+------------+


+-------------------------------------------------------------------------------------------------------------------------------+
; Flow Elapsed Time                                                                                                             ;
+---------------------------+--------------+-------------------------+---------------------+------------------------------------+
; Module Name               ; Elapsed Time ; Average Processors Used ; Peak Virtual Memory ; Total CPU Time (on all processors) ;
+---------------------------+--------------+-------------------------+---------------------+------------------------------------+
; Analysis & Synthesis      ; 00:09:29     ; 1.0                     ; 425 MB              ; 00:09:28                           ;
; Fitter                    ; 00:02:43     ; 3.0                     ; 702 MB              ; 00:03:11                           ;
; Assembler                 ; 00:00:09     ; 1.0                     ; 534 MB              ; 00:00:09                           ;
; TimeQuest Timing Analyzer ; 00:00:52     ; 1.9                     ; 503 MB              ; 00:01:13                           ;
; Total                     ; 00:13:13     ; --                      ; --                  ; 00:14:01                           ;
+---------------------------+--------------+-------------------------+---------------------+------------------------------------+


+--------------------------------------------------------------------------------------------+
; Flow OS Summary                                                                            ;
+---------------------------+------------------+---------------+------------+----------------+
; Module Name               ; Machine Hostname ; OS Name       ; OS Version ; Processor type ;
+---------------------------+------------------+---------------+------------+----------------+
; Analysis & Synthesis      ; dclab20134-PC    ; Windows Vista ; 6.1        ; x86_64         ;
; Fitter                    ; dclab20134-PC    ; Windows Vista ; 6.1        ; x86_64         ;
; Assembler                 ; dclab20134-PC    ; Windows Vista ; 6.1        ; x86_64         ;
; TimeQuest Timing Analyzer ; dclab20134-PC    ; Windows Vista ; 6.1        ; x86_64         ;
+---------------------------+------------------+---------------+------------+----------------+


------------
; Flow Log ;
------------
quartus_map --read_settings_files=on --write_settings_files=off FairyTales -c FairyTales
quartus_fit --read_settings_files=off --write_settings_files=off FairyTales -c FairyTales
quartus_asm --read_settings_files=off --write_settings_files=off FairyTales -c FairyTales
quartus_sta FairyTales -c FairyTales



