Fri May 17 15:55:15 CST 2013  [debug] AvalonLogSystem initialized using logfile 'velocity.log'
Fri May 17 15:55:15 CST 2013   [info] ************************************************************** 
Fri May 17 15:55:15 CST 2013   [info] Starting Jakarta Velocity v1.4
Fri May 17 15:55:15 CST 2013   [info] RuntimeInstance initializing.
Fri May 17 15:55:15 CST 2013   [info] Default Properties File: org\apache\velocity\runtime\defaults\velocity.properties
Fri May 17 15:55:15 CST 2013   [info] Trying to use logger class org.apache.velocity.runtime.log.AvalonLogSystem
Fri May 17 15:55:15 CST 2013   [info] Using logger class org.apache.velocity.runtime.log.AvalonLogSystem
Fri May 17 15:55:15 CST 2013   [info] Default ResourceManager initializing. (class org.apache.velocity.runtime.resource.ResourceManagerImpl)
Fri May 17 15:55:15 CST 2013   [info] Resource Loader Instantiated: org.apache.velocity.runtime.resource.loader.FileResourceLoader
Fri May 17 15:55:15 CST 2013   [info] FileResourceLoader : initialization starting.
Fri May 17 15:55:15 CST 2013   [info] FileResourceLoader : adding path 'c:/altera/10.0/ip/altera/fft/lib/\template'
Fri May 17 15:55:15 CST 2013   [info] FileResourceLoader : adding path '.'
Fri May 17 15:55:15 CST 2013   [info] FileResourceLoader : initialization complete.
Fri May 17 15:55:15 CST 2013   [info] Resource Loader Instantiated: org.apache.velocity.runtime.resource.loader.JarResourceLoader
Fri May 17 15:55:15 CST 2013   [info] JarResourceLoader : initialization starting.
Fri May 17 15:55:15 CST 2013   [info] JarResourceLoader # of paths : 0
Fri May 17 15:55:15 CST 2013   [info] JarResourceLoader : initialization complete.
Fri May 17 15:55:15 CST 2013   [info] Resource Loader Instantiated: org.apache.velocity.runtime.resource.loader.ClasspathResourceLoader
Fri May 17 15:55:15 CST 2013   [info] ClasspathResourceLoader : initialization starting.
Fri May 17 15:55:15 CST 2013   [info] ClasspathResourceLoader : initialization complete.
Fri May 17 15:55:15 CST 2013   [info] ResourceCache : initialized. (class org.apache.velocity.runtime.resource.ResourceCacheImpl)
Fri May 17 15:55:15 CST 2013   [info] Default ResourceManager initialization complete.
Fri May 17 15:55:15 CST 2013   [info] Loaded System Directive: org.apache.velocity.runtime.directive.Literal
Fri May 17 15:55:15 CST 2013   [info] Loaded System Directive: org.apache.velocity.runtime.directive.Macro
Fri May 17 15:55:15 CST 2013   [info] Loaded System Directive: org.apache.velocity.runtime.directive.Parse
Fri May 17 15:55:15 CST 2013   [info] Loaded System Directive: org.apache.velocity.runtime.directive.Include
Fri May 17 15:55:15 CST 2013   [info] Loaded System Directive: org.apache.velocity.runtime.directive.Foreach
Fri May 17 15:55:15 CST 2013   [info] Created: 20 parsers.
Fri May 17 15:55:15 CST 2013   [info] Velocimacro : initialization starting.
Fri May 17 15:55:15 CST 2013   [info] Velocimacro : adding VMs from VM library template : VM_global_library.vm
Fri May 17 15:55:15 CST 2013   [info] Velocimacro : added new VM : #listall( list ) : source = VM_global_library.vm
Fri May 17 15:55:15 CST 2013   [info] Velocimacro : added new VM : #listlist( list ) : source = VM_global_library.vm
Fri May 17 15:55:15 CST 2013   [info] ResourceManager : found VM_global_library.vm with loader org.apache.velocity.runtime.resource.loader.ClasspathResourceLoader
Fri May 17 15:55:15 CST 2013   [info] Velocimacro :  VM library template macro registration complete.
Fri May 17 15:55:15 CST 2013   [info] Velocimacro : allowInline = true : VMs can be defined inline in templates
Fri May 17 15:55:15 CST 2013   [info] Velocimacro : allowInlineToOverride = false : VMs defined inline may NOT replace previous VM definitions
Fri May 17 15:55:15 CST 2013   [info] Velocimacro : allowInlineLocal = false : VMs defined inline will be  global in scope if allowed.
Fri May 17 15:55:15 CST 2013   [info] Velocimacro : messages on  : VM system will output logging messages
Fri May 17 15:55:15 CST 2013   [info] Velocimacro : autoload off  : VM system will not automatically reload global library macros
Fri May 17 15:55:15 CST 2013   [info] Velocimacro : initialization complete.
Fri May 17 15:55:15 CST 2013   [info] Velocity successfully started.
Fri May 17 15:55:17 CST 2013   [info] ResourceManager : found fft_top_vhdl_tb.vm with loader org.apache.velocity.runtime.resource.loader.ClasspathResourceLoader
Fri May 17 15:55:17 CST 2013   [info] ResourceManager : found alt_license.txt with loader org.apache.velocity.runtime.resource.loader.ClasspathResourceLoader
Fri May 17 15:55:17 CST 2013   [info] ResourceManager : found fft_top_verilog_tb.vm with loader org.apache.velocity.runtime.resource.loader.ClasspathResourceLoader
Fri May 17 15:55:17 CST 2013   [info] ResourceManager : found alt_license_verilog.txt with loader org.apache.velocity.runtime.resource.loader.ClasspathResourceLoader
Fri May 17 15:55:17 CST 2013   [info] ResourceManager : found matlab_tb.vm with loader org.apache.velocity.runtime.resource.loader.ClasspathResourceLoader
Fri May 17 15:55:17 CST 2013   [info] ResourceManager : found matlab_model.vm with loader org.apache.velocity.runtime.resource.loader.ClasspathResourceLoader
Fri May 17 15:55:17 CST 2013   [info] ResourceManager : found set_nativelink_tcl.vm with loader org.apache.velocity.runtime.resource.loader.ClasspathResourceLoader
Fri May 17 15:55:17 CST 2013   [info] ResourceManager : found alt_license_tcl.txt with loader org.apache.velocity.runtime.resource.loader.ClasspathResourceLoader
